[debug] [2025-10-08T15:40:44.906Z] ----------------------------------------------------------------------
[debug] [2025-10-08T15:40:44.912Z] Command:       C:\Program Files\nodejs\node.exe C:\Users\minir\AppData\Roaming\npm\node_modules\firebase-tools\lib\bin\firebase.js init
[debug] [2025-10-08T15:40:44.912Z] CLI Version:   14.19.0
[debug] [2025-10-08T15:40:44.912Z] Platform:      win32
[debug] [2025-10-08T15:40:44.912Z] Node Version:  v22.20.0
[debug] [2025-10-08T15:40:44.912Z] Time:          Wed Oct 08 2025 17:40:44 GMT+0200 (hora de verano de Europa central)
[debug] [2025-10-08T15:40:44.913Z] ----------------------------------------------------------------------
[debug] 
[debug] [2025-10-08T15:40:44.915Z] >>> [apiv2][query] GET https://firebase-public.firebaseio.com/cli.json [none]
[info] 
     ######## #### ########  ######## ########     ###     ######  ########
     ##        ##  ##     ## ##       ##     ##  ##   ##  ##       ##
     ######    ##  ########  ######   ########  #########  ######  ######
     ##        ##  ##    ##  ##       ##     ## ##     ##       ## ##
     ##       #### ##     ## ######## ########  ##     ##  ######  ########

You're about to initialize a Firebase project in this directory:

  C:\Users\minir\OneDrive\USJ\3º Carrera\Sistemas Web\Trabajos\Portfolio\Código\public

[debug] [2025-10-08T15:40:45.301Z] <<< [apiv2][status] GET https://firebase-public.firebaseio.com/cli.json 200
[debug] [2025-10-08T15:40:45.301Z] <<< [apiv2][body] GET https://firebase-public.firebaseio.com/cli.json {"cloudBuildErrorAfter":1594252800000,"cloudBuildWarnAfter":1590019200000,"defaultNode10After":1594252800000,"minVersion":"3.0.5","node8DeploysDisabledAfter":1613390400000,"node8RuntimeDisabledAfter":1615809600000,"node8WarnAfter":1600128000000}
[info] 
=== Project Setup
[info] 
[info] First, let's associate this project directory with a Firebase project.
[info] You can create multiple project aliases by running firebase use --add, 
[info] 
[info] i  If you want to create a project in a Google Cloud organization or folder, please use "firebase projects:create" instead, and return to this command when you've created the project. 
[debug] [2025-10-08T15:43:39.735Z] > command requires scopes: ["email","openid","https://www.googleapis.com/auth/cloudplatformprojects.readonly","https://www.googleapis.com/auth/firebase","https://www.googleapis.com/auth/cloud-platform"]
[debug] [2025-10-08T15:43:39.735Z] > authorizing via signed-in user (minirevu@gmail.com)
[debug] [2025-10-08T15:46:10.403Z] ExitPromptError: User force closed the prompt with SIGINT
    at Interface.sigint (C:\Users\minir\AppData\Roaming\npm\node_modules\firebase-tools\node_modules\@inquirer\core\dist\commonjs\lib\create-prompt.js:101:37)
    at Interface.emit (node:events:519:28)
    at Interface.emit (node:domain:489:12)
    at [_ttyWrite] [as _ttyWrite] (node:internal/readline/interface:1128:18)
    at ReadStream.onkeypress (node:internal/readline/interface:271:20)
    at ReadStream.emit (node:events:531:35)
    at ReadStream.emit (node:domain:489:12)
    at emitKeys (node:internal/readline/utils:370:14)
    at emitKeys.next (<anonymous>)
    at ReadStream.onData (node:internal/readline/emitKeypressEvents:64:36)
[error] 
[error] Error: An unexpected error has occurred.
[debug] [2025-10-08T15:46:20.001Z] ----------------------------------------------------------------------
[debug] [2025-10-08T15:46:20.003Z] Command:       C:\Program Files\nodejs\node.exe C:\Users\minir\AppData\Roaming\npm\node_modules\firebase-tools\lib\bin\firebase.js init
[debug] [2025-10-08T15:46:20.004Z] CLI Version:   14.19.0
[debug] [2025-10-08T15:46:20.004Z] Platform:      win32
[debug] [2025-10-08T15:46:20.004Z] Node Version:  v22.20.0
[debug] [2025-10-08T15:46:20.004Z] Time:          Wed Oct 08 2025 17:46:20 GMT+0200 (hora de verano de Europa central)
[debug] [2025-10-08T15:46:20.004Z] ----------------------------------------------------------------------
[debug] 
[info] 
     ######## #### ########  ######## ########     ###     ######  ########
     ##        ##  ##     ## ##       ##     ##  ##   ##  ##       ##
     ######    ##  ########  ######   ########  #########  ######  ######
     ##        ##  ##    ##  ##       ##     ## ##     ##       ## ##
     ##       #### ##     ## ######## ########  ##     ##  ######  ########

You're about to initialize a Firebase project in this directory:

  C:\Users\minir\OneDrive\USJ\3º Carrera\Sistemas Web\Trabajos\Portfolio\Código\public

[info] 
=== Project Setup
[info] 
[info] First, let's associate this project directory with a Firebase project.
[info] You can create multiple project aliases by running firebase use --add, 
[info] 
[info] i  If you want to create a project in a Google Cloud organization or folder, please use "firebase projects:create" instead, and return to this command when you've created the project. 
[debug] [2025-10-08T15:46:28.376Z] > command requires scopes: ["email","openid","https://www.googleapis.com/auth/cloudplatformprojects.readonly","https://www.googleapis.com/auth/firebase","https://www.googleapis.com/auth/cloud-platform"]
[debug] [2025-10-08T15:46:28.377Z] > authorizing via signed-in user (minirevu@gmail.com)
[debug] [2025-10-08T15:46:42.650Z] Checked if tokens are valid: false, expires at: 1754650876121
[debug] [2025-10-08T15:46:42.650Z] Checked if tokens are valid: false, expires at: 1754650876121
[debug] [2025-10-08T15:46:42.651Z] > refreshing access token with scopes: []
[debug] [2025-10-08T15:46:42.653Z] >>> [apiv2][query] POST https://www.googleapis.com/oauth2/v3/token [none]
[debug] [2025-10-08T15:46:42.653Z] >>> [apiv2][body] POST https://www.googleapis.com/oauth2/v3/token [omitted]
[debug] [2025-10-08T15:46:42.822Z] <<< [apiv2][status] POST https://www.googleapis.com/oauth2/v3/token 200
[debug] [2025-10-08T15:46:42.822Z] <<< [apiv2][body] POST https://www.googleapis.com/oauth2/v3/token [omitted]
[debug] [2025-10-08T15:46:42.830Z] >>> [apiv2][query] POST https://firebase.googleapis.com/v1/projects:checkProjectId [none]
[debug] [2025-10-08T15:46:42.830Z] >>> [apiv2][body] POST https://firebase.googleapis.com/v1/projects:checkProjectId {"proposedId":"portfolio_javier_revuelta"}
[debug] [2025-10-08T15:46:43.030Z] <<< [apiv2][status] POST https://firebase.googleapis.com/v1/projects:checkProjectId 400
[debug] [2025-10-08T15:46:43.030Z] <<< [apiv2][body] POST https://firebase.googleapis.com/v1/projects:checkProjectId {"error":{"code":400,"message":"Request contains an invalid argument.","status":"INVALID_ARGUMENT"}}
[debug] [2025-10-08T15:46:43.030Z] Couldn't check if project ID portfolio_javier_revuelta is available. Original error: FirebaseError: Failed to check if project ID is available. See firebase-debug.log for more info.
[debug] [2025-10-08T15:47:04.319Z] ExitPromptError: User force closed the prompt with SIGINT
    at Interface.sigint (C:\Users\minir\AppData\Roaming\npm\node_modules\firebase-tools\node_modules\@inquirer\core\dist\commonjs\lib\create-prompt.js:101:37)
    at Interface.emit (node:events:519:28)
    at Interface.emit (node:domain:489:12)
    at [_ttyWrite] [as _ttyWrite] (node:internal/readline/interface:1128:18)
    at ReadStream.onkeypress (node:internal/readline/interface:271:20)
    at ReadStream.emit (node:events:531:35)
    at ReadStream.emit (node:domain:489:12)
    at emitKeys (node:internal/readline/utils:370:14)
    at emitKeys.next (<anonymous>)
    at ReadStream.onData (node:internal/readline/emitKeypressEvents:64:36)
[error] 
[error] Error: An unexpected error has occurred.
